--------------------------------------------------------------------------------
Release 14.7 Trace  (nt64)
Copyright (c) 1995-2013 Xilinx, Inc.  All rights reserved.

C:\Xilinx\14.7\ISE_DS\ISE\bin\nt64\unwrapped\trce.exe -intstyle ise -v 3 -s 3
-n 3 -fastpaths -xml alu4_top.twx alu4_top.ncd -o alu4_top.twr alu4_top.pcf
-ucf Nexys4DDR_Master.ucf

Design file:              alu4_top.ncd
Physical constraint file: alu4_top.pcf
Device,package,speed:     xc7a100t,csg324,C,-3 (PRODUCTION 1.10 2013-10-13)
Report level:             verbose report

Environment Variable      Effect 
--------------------      ------ 
NONE                      No environment variables were set
--------------------------------------------------------------------------------

INFO:Timing:2698 - No timing constraints found, doing default enumeration.
INFO:Timing:3412 - To improve timing, see the Timing Closure User Guide (UG612).
INFO:Timing:2752 - To get complete path coverage, use the unconstrained paths 
   option. All paths that are not constrained will be reported in the 
   unconstrained paths section(s) of the report.
INFO:Timing:3339 - The clock-to-out numbers in this timing report are based on 
   a 50 Ohm transmission line loading model.  For the details of this model, 
   and for more information on accounting for different loading conditions, 
   please see the device datasheet.



Data Sheet report:
-----------------
All values displayed in nanoseconds (ns)

Pad to Pad
---------------+---------------+---------+
Source Pad     |Destination Pad|  Delay  |
---------------+---------------+---------+
a<0>           |a_to_g<0>      |    9.828|
a<0>           |a_to_g<1>      |    9.750|
a<0>           |a_to_g<2>      |    9.334|
a<0>           |a_to_g<3>      |   10.155|
a<0>           |a_to_g<4>      |    9.880|
a<0>           |a_to_g<5>      |   10.078|
a<0>           |a_to_g<6>      |   10.223|
a<1>           |a_to_g<0>      |    9.619|
a<1>           |a_to_g<1>      |    9.735|
a<1>           |a_to_g<2>      |    9.319|
a<1>           |a_to_g<3>      |   10.063|
a<1>           |a_to_g<4>      |    9.671|
a<1>           |a_to_g<5>      |    9.869|
a<1>           |a_to_g<6>      |   10.014|
a<2>           |a_to_g<0>      |    9.221|
a<2>           |a_to_g<1>      |    9.010|
a<2>           |a_to_g<2>      |    8.594|
a<2>           |a_to_g<3>      |    9.548|
a<2>           |a_to_g<4>      |    9.273|
a<2>           |a_to_g<5>      |    9.471|
a<2>           |a_to_g<6>      |    9.616|
a<3>           |a_to_g<0>      |    8.580|
a<3>           |a_to_g<1>      |    8.369|
a<3>           |a_to_g<2>      |    7.953|
a<3>           |a_to_g<3>      |    8.907|
a<3>           |a_to_g<4>      |    8.632|
a<3>           |a_to_g<5>      |    8.830|
a<3>           |a_to_g<6>      |    8.975|
b<0>           |a_to_g<0>      |    9.020|
b<0>           |a_to_g<1>      |    9.315|
b<0>           |a_to_g<2>      |    8.899|
b<0>           |a_to_g<3>      |    9.643|
b<0>           |a_to_g<4>      |    9.072|
b<0>           |a_to_g<5>      |    9.270|
b<0>           |a_to_g<6>      |    9.415|
b<1>           |a_to_g<0>      |    9.351|
b<1>           |a_to_g<1>      |    9.526|
b<1>           |a_to_g<2>      |    9.110|
b<1>           |a_to_g<3>      |    9.854|
b<1>           |a_to_g<4>      |    9.403|
b<1>           |a_to_g<5>      |    9.601|
b<1>           |a_to_g<6>      |    9.746|
b<2>           |a_to_g<0>      |    9.620|
b<2>           |a_to_g<1>      |    9.409|
b<2>           |a_to_g<2>      |    8.993|
b<2>           |a_to_g<3>      |    9.947|
b<2>           |a_to_g<4>      |    9.672|
b<2>           |a_to_g<5>      |    9.870|
b<2>           |a_to_g<6>      |   10.015|
b<3>           |a_to_g<0>      |    8.759|
b<3>           |a_to_g<1>      |    8.548|
b<3>           |a_to_g<2>      |    8.132|
b<3>           |a_to_g<3>      |    9.086|
b<3>           |a_to_g<4>      |    8.811|
b<3>           |a_to_g<5>      |    9.009|
b<3>           |a_to_g<6>      |    9.154|
f<0>           |a_to_g<0>      |    9.548|
f<0>           |a_to_g<1>      |    9.855|
f<0>           |a_to_g<2>      |    9.439|
f<0>           |a_to_g<3>      |   10.183|
f<0>           |a_to_g<4>      |    9.600|
f<0>           |a_to_g<5>      |    9.805|
f<0>           |a_to_g<6>      |    9.943|
f<1>           |a_to_g<0>      |    8.527|
f<1>           |a_to_g<1>      |    8.845|
f<1>           |a_to_g<2>      |    8.429|
f<1>           |a_to_g<3>      |    9.173|
f<1>           |a_to_g<4>      |    8.386|
f<1>           |a_to_g<5>      |    8.795|
f<1>           |a_to_g<6>      |    8.876|
f<2>           |a_to_g<0>      |    8.384|
f<2>           |a_to_g<1>      |    8.369|
f<2>           |a_to_g<2>      |    8.046|
f<2>           |a_to_g<3>      |    8.972|
f<2>           |a_to_g<4>      |    8.646|
f<2>           |a_to_g<5>      |    9.053|
f<2>           |a_to_g<6>      |    8.779|
---------------+---------------+---------+


Analysis completed Wed Apr 26 10:46:07 2023 
--------------------------------------------------------------------------------

Trace Settings:
-------------------------
Trace Settings 

Peak Memory Usage: 5003 MB



