Release 14.7 - xst P.20131013 (nt64)
Copyright (c) 1995-2013 Xilinx, Inc.  All rights reserved.
--> Parameter TMPDIR set to xst/projnav.tmp


Total REAL time to Xst completion: 1.00 secs
Total CPU time to Xst completion: 0.08 secs
 
--> Parameter xsthdpdir set to xst


Total REAL time to Xst completion: 1.00 secs
Total CPU time to Xst completion: 0.08 secs
 
--> Reading design: lab7_3.prj

TABLE OF CONTENTS
  1) Synthesis Options Summary
  2) HDL Parsing
  3) HDL Elaboration
  4) HDL Synthesis
       4.1) HDL Synthesis Report
  5) Advanced HDL Synthesis
       5.1) Advanced HDL Synthesis Report
  6) Low Level Synthesis
  7) Partition Report
  8) Design Summary
       8.1) Primitive and Black Box Usage
       8.2) Device utilization summary
       8.3) Partition Resource Summary
       8.4) Timing Report
            8.4.1) Clock Information
            8.4.2) Asynchronous Control Signals Information
            8.4.3) Timing Summary
            8.4.4) Timing Details
            8.4.5) Cross Clock Domains Report


=========================================================================
*                      Synthesis Options Summary                        *
=========================================================================
---- Source Parameters
Input File Name                    : "lab7_3.prj"
Ignore Synthesis Constraint File   : NO

---- Target Parameters
Output File Name                   : "lab7_3"
Output Format                      : NGC
Target Device                      : xc7a100t-3-csg324

---- Source Options
Top Module Name                    : lab7_3
Automatic FSM Extraction           : YES
FSM Encoding Algorithm             : Auto
Safe Implementation                : No
FSM Style                          : LUT
RAM Extraction                     : Yes
RAM Style                          : Auto
ROM Extraction                     : Yes
Shift Register Extraction          : YES
ROM Style                          : Auto
Resource Sharing                   : YES
Asynchronous To Synchronous        : NO
Shift Register Minimum Size        : 2
Use DSP Block                      : Auto
Automatic Register Balancing       : No

---- Target Options
LUT Combining                      : Auto
Reduce Control Sets                : Auto
Add IO Buffers                     : YES
Global Maximum Fanout              : 100000
Add Generic Clock Buffer(BUFG)     : 32
Register Duplication               : YES
Optimize Instantiated Primitives   : NO
Use Clock Enable                   : Auto
Use Synchronous Set                : Auto
Use Synchronous Reset              : Auto
Pack IO Registers into IOBs        : Auto
Equivalent register Removal        : YES

---- General Options
Optimization Goal                  : Speed
Optimization Effort                : 1
Power Reduction                    : NO
Keep Hierarchy                     : No
Netlist Hierarchy                  : As_Optimized
RTL Output                         : Yes
Global Optimization                : AllClockNets
Read Cores                         : YES
Write Timing Constraints           : NO
Cross Clock Analysis               : NO
Hierarchy Separator                : /
Bus Delimiter                      : <>
Case Specifier                     : Maintain
Slice Utilization Ratio            : 100
BRAM Utilization Ratio             : 100
DSP48 Utilization Ratio            : 100
Auto BRAM Packing                  : NO
Slice Utilization Ratio Delta      : 5

=========================================================================


=========================================================================
*                          HDL Parsing                                  *
=========================================================================
Analyzing Verilog file "C:\xilinx\lab7\lab7_3\modulok_lab7_3.v" into library work
Parsing module <mux2_4>.
Parsing module <mux3_8>.
Parsing module <add4>.
Parsing module <sub4>.
Parsing module <mul4>.
Analyzing Verilog file "C:\xilinx\lab7\lab7_3\lab7_3.v" into library work
Parsing module <lab7_3>.

=========================================================================
*                            HDL Elaboration                            *
=========================================================================

Elaborating module <lab7_3>.

Elaborating module <mux2_4>.
WARNING:HDLCompiler:189 - "C:\xilinx\lab7\lab7_3\lab7_3.v" Line 25: Size mismatch in connection of port <out>. Formal port size is 8-bit while actual signal size is 4-bit.
WARNING:HDLCompiler:189 - "C:\xilinx\lab7\lab7_3\lab7_3.v" Line 26: Size mismatch in connection of port <out>. Formal port size is 8-bit while actual signal size is 4-bit.

Elaborating module <add4>.

Elaborating module <sub4>.

Elaborating module <mul4>.

Elaborating module <mux3_8>.

=========================================================================
*                           HDL Synthesis                               *
=========================================================================

Synthesizing Unit <lab7_3>.
    Related source file is "C:\xilinx\lab7\lab7_3\lab7_3.v".
    Summary:
	no macro.
Unit <lab7_3> synthesized.

Synthesizing Unit <mux2_4>.
    Related source file is "C:\xilinx\lab7\lab7_3\modulok_lab7_3.v".
    Summary:
	inferred   1 Multiplexer(s).
Unit <mux2_4> synthesized.

Synthesizing Unit <add4>.
    Related source file is "C:\xilinx\lab7\lab7_3\modulok_lab7_3.v".
    Found 5-bit adder for signal <n0008[4:0]> created at line 39.
    Summary:
	inferred   1 Adder/Subtractor(s).
Unit <add4> synthesized.

Synthesizing Unit <sub4>.
    Related source file is "C:\xilinx\lab7\lab7_3\modulok_lab7_3.v".
    Found 5-bit subtractor for signal <n0003[4:0]> created at line 43.
    Summary:
	inferred   1 Adder/Subtractor(s).
Unit <sub4> synthesized.

Synthesizing Unit <mul4>.
    Related source file is "C:\xilinx\lab7\lab7_3\modulok_lab7_3.v".
    Found 4x4-bit multiplier for signal <prod> created at line 47.
    Summary:
	inferred   1 Multiplier(s).
Unit <mul4> synthesized.

Synthesizing Unit <mux3_8>.
    Related source file is "C:\xilinx\lab7\lab7_3\modulok_lab7_3.v".
    Found 8-bit 3-to-1 multiplexer for signal <out> created at line 29.
    Summary:
	inferred   1 Multiplexer(s).
Unit <mux3_8> synthesized.

=========================================================================
HDL Synthesis Report

Macro Statistics
# Multipliers                                          : 1
 4x4-bit multiplier                                    : 1
# Adders/Subtractors                                   : 2
 5-bit adder                                           : 1
 5-bit subtractor                                      : 1
# Multiplexers                                         : 3
 8-bit 2-to-1 multiplexer                              : 2
 8-bit 3-to-1 multiplexer                              : 1

=========================================================================

=========================================================================
*                       Advanced HDL Synthesis                          *
=========================================================================


=========================================================================
Advanced HDL Synthesis Report

Macro Statistics
# Multipliers                                          : 1
 4x4-bit multiplier                                    : 1
# Adders/Subtractors                                   : 2
 5-bit adder                                           : 1
 5-bit subtractor                                      : 1
# Multiplexers                                         : 3
 8-bit 2-to-1 multiplexer                              : 2
 8-bit 3-to-1 multiplexer                              : 1

=========================================================================

=========================================================================
*                         Low Level Synthesis                           *
=========================================================================
WARNING:Xst:1989 - Unit <lab7_3>: instances <adder_mux>, <sub_mux> of unit <mux2_4> are equivalent, second instance is removed

Optimizing unit <lab7_3> ...

Mapping all equations...
Building and optimizing final netlist ...
Found area constraint ratio of 100 (+ 5) on block lab7_3, actual ratio is 0.

Final Macro Processing ...

=========================================================================
Final Register Report

Found no macro
=========================================================================

=========================================================================
*                           Partition Report                            *
=========================================================================

Partition Implementation Status
-------------------------------

  No Partitions were found in this design.

-------------------------------

=========================================================================
*                            Design Summary                             *
=========================================================================

Top Level Output File Name         : lab7_3.ngc

Primitive and Black Box Usage:
------------------------------
# BELS                             : 55
#      GND                         : 1
#      LUT2                        : 1
#      LUT3                        : 10
#      LUT4                        : 7
#      LUT5                        : 4
#      LUT6                        : 19
#      MUXCY                       : 6
#      XORCY                       : 7
# IO Buffers                       : 19
#      IBUF                        : 11
#      OBUF                        : 8

Device utilization summary:
---------------------------

Selected Device : 7a100tcsg324-3 


Slice Logic Utilization: 
 Number of Slice LUTs:                   41  out of  63400     0%  
    Number used as Logic:                41  out of  63400     0%  

Slice Logic Distribution: 
 Number of LUT Flip Flop pairs used:     41
   Number with an unused Flip Flop:      41  out of     41   100%  
   Number with an unused LUT:             0  out of     41     0%  
   Number of fully used LUT-FF pairs:     0  out of     41     0%  
   Number of unique control sets:         0

IO Utilization: 
 Number of IOs:                          19
 Number of bonded IOBs:                  19  out of    210     9%  

Specific Feature Utilization:

---------------------------
Partition Resource Summary:
---------------------------

  No Partitions were found in this design.

---------------------------


=========================================================================
Timing Report

NOTE: THESE TIMING NUMBERS ARE ONLY A SYNTHESIS ESTIMATE.
      FOR ACCURATE TIMING INFORMATION PLEASE REFER TO THE TRACE REPORT
      GENERATED AFTER PLACE-and-ROUTE.

Clock Information:
------------------
No clock signals found in this design

Asynchronous Control Signals Information:
----------------------------------------
No asynchronous control signals found in this design

Timing Summary:
---------------
Speed Grade: -3

   Minimum period: No path found
   Minimum input arrival time before clock: No path found
   Maximum output required time after clock: No path found
   Maximum combinational path delay: 3.754ns

Timing Details:
---------------
All values displayed in nanoseconds (ns)

=========================================================================
Timing constraint: Default path analysis
  Total number of paths / destination ports: 538 / 8
-------------------------------------------------------------------------
Delay:               3.754ns (Levels of Logic = 10)
  Source:            a<3> (PAD)
  Destination:       r<7> (PAD)

  Data Path: a<3> to r<7>
                                Gate     Net
    Cell:in->out      fanout   Delay   Delay  Logical Name (Net Name)
    ----------------------------------------  ------------
     IBUF:I->O            18   0.001   0.635  a_3_IBUF (a_3_IBUF)
     LUT4:I0->O            1   0.097   0.693  our_multiplier/Mmult_prod_Madd1_lut<4>1 (our_multiplier/Mmult_prod_Madd1_lut<4>)
     LUT6:I0->O            1   0.097   0.693  our_multiplier/Mmult_prod_Madd1_xor<4>11 (our_multiplier/Mmult_prod_Madd_41)
     LUT6:I0->O            1   0.097   0.000  our_multiplier/Mmult_prod_Madd2_lut<4> (our_multiplier/Mmult_prod_Madd2_lut<4>)
     MUXCY:S->O            1   0.353   0.000  our_multiplier/Mmult_prod_Madd2_cy<4> (our_multiplier/Mmult_prod_Madd2_cy<4>)
     MUXCY:CI->O           1   0.023   0.000  our_multiplier/Mmult_prod_Madd2_cy<5> (our_multiplier/Mmult_prod_Madd2_cy<5>)
     MUXCY:CI->O           0   0.023   0.000  our_multiplier/Mmult_prod_Madd2_cy<6> (our_multiplier/Mmult_prod_Madd2_cy<6>)
     XORCY:CI->O           1   0.370   0.295  our_multiplier/Mmult_prod_Madd2_xor<7> (mul_out<7>)
     LUT6:I5->O            1   0.097   0.279  output_mux/Mmux_out81 (r_7_OBUF)
     OBUF:I->O                 0.000          r_7_OBUF (r<7>)
    ----------------------------------------
    Total                      3.754ns (1.158ns logic, 2.596ns route)
                                       (30.8% logic, 69.2% route)

=========================================================================

Cross Clock Domains Report:
--------------------------

=========================================================================


Total REAL time to Xst completion: 6.00 secs
Total CPU time to Xst completion: 5.35 secs
 
--> 

Total memory usage is 4617708 kilobytes

Number of errors   :    0 (   0 filtered)
Number of warnings :    3 (   0 filtered)
Number of infos    :    0 (   0 filtered)

